INFO:root:password should have at least one uppercase letter
INFO:root:password should have at least one uppercase letter
INFO:root:password should have at least one uppercase letter
INFO:root:password should have at least one uppercase letter
ERROR:root:search() missing 1 required positional argument: 'string'
ERROR:root:search() missing 1 required positional argument: 'string'
ERROR:root:search() missing 1 required positional argument: 'string'
INFO:root:Conditions passed 4
INFO:root:1574271160.3412235
INFO:root:Condition 3 passed
INFO:root:1574271160.3414874
INFO:root:Condition 4 passed
ERROR:root:search() missing 1 required positional argument: 'string'
INFO:root:Conditions passed 4
INFO:root:1574271296.8044329
INFO:root:Condition 3 passed
INFO:root:1574271296.804701
INFO:root:Condition 4 passed
INFO:root:1574271296.8048832
INFO:root:Condition 5 passed
INFO:root:1574271296.8050785
INFO:root:Condition 6 passed
INFO:root:Conditions passed 6
INFO:root:1574271374.38
INFO:root:Condition 3 passed
INFO:root:password should have at least one uppercase letter
INFO:root:Conditions passed 3
INFO:root:1574271374.38
INFO:root:Condition 3 passed
INFO:root:password should have at least one uppercase letter
INFO:root:Conditions passed 3
INFO:root:1574271525.2288353
INFO:root:Condition 3 passed
INFO:root:1574271525.2291234
INFO:root:Condition 4 passed
INFO:root:1574271525.2293482
INFO:root:Condition 5 passed
INFO:root:1574271525.2296588
INFO:root:Condition 6 passed
INFO:root:Conditions passed 6
INFO:root:1574271540.7636654
INFO:root:Condition 3 passed
INFO:root:1574271540.7639182
INFO:root:Condition 4 passed
INFO:root:1574271540.7641034
INFO:root:Condition 5 passed
INFO:root:1574271540.7643187
INFO:root:Condition 6 passed
INFO:root:Conditions passed 6
INFO:root:1574271548.6367912
INFO:root:Condition 3 passed
INFO:root:1574271548.6370463
INFO:root:Condition 4 passed
INFO:root:1574271548.637222
INFO:root:Condition 5 passed
INFO:root:password should have at least one special character
INFO:root:Conditions passed 5
INFO:root:The password should be longer than 8 characters
INFO:root:Conditions passed 0
INFO:root:Conditions passed 0
INFO:root:1574271647.8300416
INFO:root:Condition 3 passed
INFO:root:1574271647.8302925
INFO:root:Condition 4 passed
INFO:root:1574271647.8304791
INFO:root:Condition 5 passed
INFO:root:password should have at least one special character
INFO:root:Conditions passed 5
INFO:root:1574271720.5449717
INFO:root:Condition 3 passed
INFO:root:1574271720.5452442
INFO:root:Condition 4 passed
INFO:root:1574271720.5455074
INFO:root:Condition 5 passed
INFO:root:password should have at least one special character
INFO:root:Conditions passed 5
INFO:root:1574271802.3475168
INFO:root:Condition 3 passed
INFO:root:1574271802.3477957
INFO:root:Condition 4 passed
INFO:root:1574271802.3479936
INFO:root:Condition 5 passed
INFO:root:1574271802.348213
INFO:root:Condition 6 passed
INFO:root:Conditions passed 6
INFO:root:1574271820.991378
INFO:root:Condition 3 passed
INFO:root:password should have at least one uppercase letter
INFO:root:Conditions passed 3
INFO:root:1574272078.460064
INFO:root:Condition 3 passed
INFO:root:password should have at least one uppercase letter
INFO:root:Conditions passed 3
INFO:root:1574272152.9973385
INFO:root:Condition 3 passed
INFO:root:1574272152.9976103
INFO:root:Condition 4 passed
INFO:root:1574272152.9977906
INFO:root:Condition 5 passed
INFO:root:1574272152.9980254
INFO:root:Condition 6 passed
INFO:root:Conditions passed 6
INFO:root:1574272198.07
INFO:root:Condition 3 passed
INFO:root:password should have at least one uppercase letter
INFO:root:Conditions passed 3
INFO:root:1574272198.08
INFO:root:Condition 3 passed
INFO:root:password should have at least one uppercase letter
INFO:root:Conditions passed 3
INFO:root:1574272321.11
INFO:root:Condition 3 passed
INFO:root:password should have at least one uppercase letter
INFO:root:Conditions passed 3
INFO:root:1574272321.11
INFO:root:Condition 3 passed
INFO:root:1574272321.11
INFO:root:Condition 4 passed
INFO:root:1574272321.11
INFO:root:Condition 5 passed
INFO:root:1574272321.11
INFO:root:Condition 6 passed
INFO:root:Conditions passed 6
INFO:root:1574272321.11
INFO:root:Condition 3 passed
INFO:root:password should have at least one uppercase letter
INFO:root:Conditions passed 3
INFO:root:Conditions passed 0
INFO:root:1574272321.11
INFO:root:Condition 3 passed
INFO:root:password should have at least one uppercase letter
INFO:root:Conditions passed 3
INFO:root:1574272328.131226
INFO:root:Condition 3 passed
INFO:root:1574272328.1314716
INFO:root:Condition 4 passed
INFO:root:1574272328.1316657
INFO:root:Condition 5 passed
INFO:root:1574272328.131908
INFO:root:Condition 6 passed
INFO:root:Conditions passed 6
INFO:root:Conditions passed 0
INFO:root:1574272391.51
INFO:root:Condition 3 passed
INFO:root:password should have at least one uppercase letter
INFO:root:Conditions passed 3
INFO:root:1574272391.51
INFO:root:Condition 3 passed
INFO:root:1574272391.51
INFO:root:Condition 4 passed
INFO:root:1574272391.51
INFO:root:Condition 5 passed
INFO:root:1574272391.51
INFO:root:Condition 6 passed
INFO:root:Conditions passed 6
INFO:root:1574272391.51
INFO:root:Condition 3 passed
INFO:root:password should have at least one uppercase letter
INFO:root:Conditions passed 3
INFO:root:Conditions passed 0
ERROR:root:object of type 'int' has no len()
INFO:root:Conditions passed 0
INFO:root:1574272391.51
INFO:root:Condition 3 passed
INFO:root:password should have at least one uppercase letter
INFO:root:Conditions passed 3
ERROR:root:object of type 'int' has no len()
INFO:root:Conditions passed 0
INFO:root:1574272438.71
INFO:root:Condition 3 passed
INFO:root:password should have at least one uppercase letter
INFO:root:Conditions passed 3
INFO:root:1574272438.71
INFO:root:Condition 3 passed
INFO:root:1574272438.71
INFO:root:Condition 4 passed
INFO:root:1574272438.71
INFO:root:Condition 5 passed
INFO:root:1574272438.71
INFO:root:Condition 6 passed
INFO:root:Conditions passed 6
INFO:root:1574272438.71
INFO:root:Condition 3 passed
INFO:root:password should have at least one uppercase letter
INFO:root:Conditions passed 3
INFO:root:Conditions passed 0
ERROR:root:object of type 'int' has no len()
INFO:root:Conditions passed 0
INFO:root:1574272756.79
INFO:root:Condition 3 passed
INFO:root:password should have at least one uppercase letter
INFO:root:Conditions passed 3
INFO:root:1574272756.79
INFO:root:Condition 3 passed
INFO:root:1574272756.79
INFO:root:Condition 4 passed
INFO:root:1574272756.79
INFO:root:Condition 5 passed
INFO:root:1574272756.79
INFO:root:Condition 6 passed
INFO:root:Conditions passed 6
INFO:root:1574272756.79
INFO:root:Condition 3 passed
INFO:root:password should have at least one uppercase letter
INFO:root:Conditions passed 3
INFO:root:Conditions passed 0
ERROR:root:object of type 'int' has no len()
INFO:root:Conditions passed 0
INFO:root:1574273369.7
INFO:root:Condition 3 passed
INFO:root:password should have at least one uppercase letter
INFO:root:Conditions passed 3
INFO:root:1574273369.7
INFO:root:Condition 3 passed
INFO:root:1574273369.7
INFO:root:Condition 4 passed
INFO:root:1574273369.7
INFO:root:Condition 5 passed
INFO:root:1574273369.7
INFO:root:Condition 6 passed
INFO:root:Conditions passed 6
INFO:root:1574273369.7
INFO:root:Condition 3 passed
INFO:root:password should have at least one uppercase letter
INFO:root:Conditions passed 3
ERROR:root:password should be a string
INFO:root:Conditions passed 0
INFO:root:Conditions passed 0
INFO:root:Conditions passed 0
INFO:root:1574273423.23
INFO:root:Condition 3 passed
INFO:root:password should have at least one uppercase letter
INFO:root:Conditions passed 3
INFO:root:1574273423.23
INFO:root:Condition 3 passed
INFO:root:1574273423.23
INFO:root:Condition 4 passed
INFO:root:1574273423.23
INFO:root:Condition 5 passed
INFO:root:1574273423.23
INFO:root:Condition 6 passed
INFO:root:Conditions passed 6
INFO:root:1574273423.23
INFO:root:Condition 3 passed
INFO:root:password should have at least one uppercase letter
INFO:root:Conditions passed 3
ERROR:root:password should be a string
INFO:root:Conditions passed 0
INFO:root:Conditions passed 0
INFO:root:Conditions passed 0
INFO:root:1574273676.44
INFO:root:Condition 3 passed
INFO:root:password should have at least one uppercase letter
INFO:root:Conditions passed 3
INFO:root:1574273676.44
INFO:root:Condition 3 passed
INFO:root:1574273676.44
INFO:root:Condition 4 passed
INFO:root:1574273676.44
INFO:root:Condition 5 passed
INFO:root:1574273676.44
INFO:root:Condition 6 passed
INFO:root:Conditions passed 6
INFO:root:1574273676.44
INFO:root:Condition 3 passed
INFO:root:password should have at least one uppercase letter
INFO:root:Conditions passed 3
ERROR:root:password should exist
INFO:root:Conditions passed 0
INFO:root:Conditions passed 0
INFO:root:1574273885.48
INFO:root:Condition 3 passed
INFO:root:password should have at least one uppercase letter
INFO:root:Conditions passed 3
INFO:root:1574273885.48
INFO:root:Condition 3 passed
INFO:root:1574273885.48
INFO:root:Condition 4 passed
INFO:root:1574273885.48
INFO:root:Condition 5 passed
INFO:root:1574273885.48
INFO:root:Condition 6 passed
INFO:root:Conditions passed 6
INFO:root:1574273885.48
INFO:root:Condition 3 passed
INFO:root:password should have at least one uppercase letter
INFO:root:Conditions passed 3
ERROR:root:password should exist
INFO:root:Conditions passed 0
INFO:root:Conditions passed 0
INFO:root:1574274327.46
INFO:root:Condition 3 passed
INFO:root:password should have at least one uppercase letter
INFO:root:Conditions passed 3
INFO:root:1574274327.46
INFO:root:Condition 3 passed
INFO:root:1574274327.46
INFO:root:Condition 4 passed
INFO:root:1574274327.46
INFO:root:Condition 5 passed
INFO:root:1574274327.46
INFO:root:Condition 6 passed
INFO:root:Conditions passed 6
INFO:root:1574274327.46
INFO:root:Condition 3 passed
INFO:root:password should have at least one uppercase letter
INFO:root:Conditions passed 3
ERROR:root:password should exist
INFO:root:Conditions passed 0
INFO:root:Conditions passed 0
INFO:root:1574274426.64
INFO:root:Condition 3 passed
INFO:root:password should have at least one uppercase letter
INFO:root:Conditions passed 3
INFO:root:1574274426.64
INFO:root:Condition 3 passed
INFO:root:1574274426.64
INFO:root:Condition 4 passed
INFO:root:1574274426.64
INFO:root:Condition 5 passed
INFO:root:1574274426.64
INFO:root:Condition 6 passed
INFO:root:Conditions passed 6
INFO:root:1574274426.64
INFO:root:Condition 3 passed
INFO:root:password should have at least one uppercase letter
INFO:root:Conditions passed 3
ERROR:root:password should exist
INFO:root:Conditions passed 0
INFO:root:Conditions passed 0
ERROR:root:password should exist
INFO:root:Conditions passed 0
INFO:root:1574274818.7
INFO:root:Condition 3 passed
INFO:root:password should have at least one uppercase letter
INFO:root:Conditions passed 3
INFO:root:1574274818.7
INFO:root:Condition 3 passed
INFO:root:1574274818.7
INFO:root:Condition 4 passed
INFO:root:1574274818.7
INFO:root:Condition 5 passed
INFO:root:1574274818.7
INFO:root:Condition 6 passed
INFO:root:Conditions passed 6
INFO:root:1574274818.7
INFO:root:Condition 3 passed
INFO:root:password should have at least one uppercase letter
INFO:root:Conditions passed 3
ERROR:root:password should exist
INFO:root:Conditions passed 0
INFO:root:Conditions passed 0
ERROR:root:password should exist
INFO:root:Conditions passed 0
INFO:root:1574274839.66
INFO:root:Condition 3 passed
INFO:root:password should have at least one uppercase letter
INFO:root:Conditions passed 3
INFO:root:1574274839.66
INFO:root:Condition 3 passed
INFO:root:1574274839.66
INFO:root:Condition 4 passed
INFO:root:1574274839.66
INFO:root:Condition 5 passed
INFO:root:1574274839.66
INFO:root:Condition 6 passed
INFO:root:Conditions passed 6
INFO:root:1574274839.66
INFO:root:Condition 3 passed
INFO:root:password should have at least one uppercase letter
INFO:root:Conditions passed 3
ERROR:root:password should exist
INFO:root:Conditions passed 0
INFO:root:Conditions passed 0
ERROR:root:password should exist
INFO:root:Conditions passed 0
INFO:root:1574274839.66
INFO:root:Condition 3 passed
INFO:root:password should have at least one uppercase letter
INFO:root:Conditions passed 3
